  Cannon.cpp
  Core.cpp
c:\sdlgame\mygame\isometricgame_gameinsight2018\mygame\core.h(3): fatal error C1083: Не удается открыть файл включение: SDL.h: No such file or directory,
  Entity.cpp
  Game.cpp
  Initializer.cpp
c:\sdlgame\mygame\isometricgame_gameinsight2018\mygame\initializer.h(5): fatal error C1083: Не удается открыть файл включение: SDL.h: No such file or directory,
  IsometricEngine.cpp
c:\sdlgame\mygame\isometricgame_gameinsight2018\mygame\supportmacroses.h(5): fatal error C1083: Не удается открыть файл включение: SDL_log.h: No such file or directory,
  main.cpp
c:\sdlgame\mygame\isometricgame_gameinsight2018\mygame\main.cpp(3): fatal error C1083: Не удается открыть файл включение: SDL.h: No such file or directory,
  Coordinate2D.cpp
  MouseCursor.cpp
c:\sdlgame\mygame\isometricgame_gameinsight2018\mygame\texture.h(6): fatal error C1083: Не удается открыть файл включение: SDL.h: No such file or directory,
  Player.cpp
c:\sdlgame\mygame\isometricgame_gameinsight2018\mygame\texture.h(6): fatal error C1083: Не удается открыть файл включение: SDL.h: No such file or directory,
  Texture.cpp
c:\sdlgame\mygame\isometricgame_gameinsight2018\mygame\texture.h(6): fatal error C1083: Не удается открыть файл включение: SDL.h: No such file or directory,
  TextureWorker.cpp
c:\sdlgame\mygame\isometricgame_gameinsight2018\mygame\textureworker.cpp(4): fatal error C1083: Не удается открыть файл включение: SDL.h: No such file or directory,
  World.cpp
c:\sdlgame\mygame\isometricgame_gameinsight2018\mygame\texture.h(6): fatal error C1083: Не удается открыть файл включение: SDL.h: No such file or directory,
  Создание кода...
