c:\sdlgame\mygame\mygame\release\vc141.pdb
c:\sdlgame\mygame\mygame\release\world.obj
c:\sdlgame\mygame\mygame\release\textureworker.obj
c:\sdlgame\mygame\mygame\release\texture.obj
c:\sdlgame\mygame\mygame\release\point2d.obj
c:\sdlgame\mygame\mygame\release\main.obj
c:\sdlgame\mygame\mygame\release\isometricengine.obj
c:\sdlgame\mygame\mygame\release\initializer.obj
c:\sdlgame\mygame\mygame\release\game.obj
c:\sdlgame\mygame\mygame\release\core.obj
c:\sdlgame\mygame\release\mygame.exe
c:\sdlgame\mygame\release\mygame.pdb
c:\sdlgame\mygame\release\mygame.ipdb
c:\sdlgame\mygame\release\mygame.iobj
c:\sdlgame\mygame\mygame\release\mygame.tlog\cl.command.1.tlog
c:\sdlgame\mygame\mygame\release\mygame.tlog\cl.read.1.tlog
c:\sdlgame\mygame\mygame\release\mygame.tlog\cl.write.1.tlog
c:\sdlgame\mygame\mygame\release\mygame.tlog\link.command.1.tlog
c:\sdlgame\mygame\mygame\release\mygame.tlog\link.read.1.tlog
c:\sdlgame\mygame\mygame\release\mygame.tlog\link.write.1.tlog
c:\sdlgame\mygame\mygame\release\mygame.tlog\mygame.write.1u.tlog
