  Core.cpp
  Game.cpp
c:\sdlgame\mygame\mygame\game.cpp(156): warning C4244: аргумент: преобразование "double" в "int", возможна потеря данных
c:\sdlgame\mygame\mygame\game.cpp(157): warning C4244: аргумент: преобразование "double" в "int", возможна потеря данных
c:\sdlgame\mygame\mygame\game.cpp(164): warning C4244: аргумент: преобразование "double" в "int", возможна потеря данных
c:\sdlgame\mygame\mygame\game.cpp(177): warning C4244: аргумент: преобразование "double" в "int", возможна потеря данных
  Initializer.cpp
  IsometricEngine.cpp
c:\sdlgame\mygame\mygame\isometricengine.cpp(111): warning C4244: инициализация: преобразование "double" в "int", возможна потеря данных
c:\sdlgame\mygame\mygame\isometricengine.cpp(122): warning C4244: инициализация: преобразование "double" в "int", возможна потеря данных
c:\sdlgame\mygame\mygame\isometricengine.cpp(123): warning C4244: инициализация: преобразование "double" в "int", возможна потеря данных
  main.cpp
  Point2D.cpp
  Texture.cpp
  TextureWorker.cpp
  World.cpp
  Создание кода
  All 197 functions were compiled because no usable IPDB/IOBJ from previous compilation was found.
  Создание кода завершено
  MyGame.vcxproj -> C:\SDLgame\MyGame\Release\MyGame.exe
