c:\sdlgame\mygame\mygame\debug\vc141.pdb
c:\sdlgame\mygame\mygame\debug\vc141.idb
c:\sdlgame\mygame\mygame\debug\world.obj
c:\sdlgame\mygame\mygame\debug\textureworker.obj
c:\sdlgame\mygame\mygame\debug\texture.obj
c:\sdlgame\mygame\mygame\debug\player.obj
c:\sdlgame\mygame\mygame\debug\mousecursor.obj
c:\sdlgame\mygame\mygame\debug\coordinate2d.obj
c:\sdlgame\mygame\mygame\debug\main.obj
c:\sdlgame\mygame\mygame\debug\isometricengine.obj
c:\sdlgame\mygame\mygame\debug\initializer.obj
c:\sdlgame\mygame\mygame\debug\game.obj
c:\sdlgame\mygame\mygame\debug\entity.obj
c:\sdlgame\mygame\mygame\debug\core.obj
c:\sdlgame\mygame\debug\mygame.ilk
c:\sdlgame\mygame\debug\mygame.exe
c:\sdlgame\mygame\debug\mygame.pdb
c:\sdlgame\mygame\mygame\debug\mygame.tlog\cl.command.1.tlog
c:\sdlgame\mygame\mygame\debug\mygame.tlog\cl.read.1.tlog
c:\sdlgame\mygame\mygame\debug\mygame.tlog\cl.write.1.tlog
c:\sdlgame\mygame\mygame\debug\mygame.tlog\link.command.1.tlog
c:\sdlgame\mygame\mygame\debug\mygame.tlog\link.read.1.tlog
c:\sdlgame\mygame\mygame\debug\mygame.tlog\link.write.1.tlog
