  IsometricEngine.cpp
c:\sdlgame\isometricgame_gameinsight2018\mygame\isometricengine.cpp(13): warning C4244: инициализация: преобразование "double" в "int", возможна потеря данных
c:\sdlgame\isometricgame_gameinsight2018\mygame\isometricengine.cpp(22): warning C4244: инициализация: преобразование "double" в "int", возможна потеря данных
c:\sdlgame\isometricgame_gameinsight2018\mygame\isometricengine.cpp(23): warning C4244: инициализация: преобразование "double" в "int", возможна потеря данных
  main.cpp
c:\sdlgame\isometricgame_gameinsight2018\mygame\main.cpp(86): warning C4101: currentTime: неиспользованная локальная переменная
  Player.cpp
c:\sdlgame\isometricgame_gameinsight2018\mygame\player.cpp(41): warning C4244: аргумент: преобразование "double" в "int", возможна потеря данных
c:\sdlgame\isometricgame_gameinsight2018\mygame\player.cpp(42): warning C4244: аргумент: преобразование "double" в "int", возможна потеря данных
c:\sdlgame\isometricgame_gameinsight2018\mygame\player.cpp(52): warning C4244: аргумент: преобразование "double" в "int", возможна потеря данных
c:\sdlgame\isometricgame_gameinsight2018\mygame\player.cpp(53): warning C4244: аргумент: преобразование "double" в "int", возможна потеря данных
c:\sdlgame\isometricgame_gameinsight2018\mygame\player.cpp(63): warning C4244: аргумент: преобразование "double" в "int", возможна потеря данных
c:\sdlgame\isometricgame_gameinsight2018\mygame\player.cpp(64): warning C4244: аргумент: преобразование "double" в "int", возможна потеря данных
c:\sdlgame\isometricgame_gameinsight2018\mygame\player.cpp(74): warning C4244: аргумент: преобразование "double" в "int", возможна потеря данных
c:\sdlgame\isometricgame_gameinsight2018\mygame\player.cpp(75): warning C4244: аргумент: преобразование "double" в "int", возможна потеря данных
  Texture.cpp
  TextureWorker.cpp
  World.cpp
c:\sdlgame\isometricgame_gameinsight2018\mygame\world.cpp(60): warning C4018: <: несоответствие типов со знаком и без знака
c:\sdlgame\isometricgame_gameinsight2018\mygame\world.cpp(62): warning C4018: <: несоответствие типов со знаком и без знака
c:\sdlgame\isometricgame_gameinsight2018\mygame\world.cpp(64): warning C4244: аргумент: преобразование "double" в "int", возможна потеря данных
c:\sdlgame\isometricgame_gameinsight2018\mygame\world.cpp(81): warning C4244: аргумент: преобразование "double" в "int", возможна потеря данных
c:\sdlgame\isometricgame_gameinsight2018\mygame\world.cpp(82): warning C4244: аргумент: преобразование "double" в "int", возможна потеря данных
c:\sdlgame\isometricgame_gameinsight2018\mygame\world.cpp(94): warning C4018: <: несоответствие типов со знаком и без знака
c:\sdlgame\isometricgame_gameinsight2018\mygame\world.cpp(104): warning C4018: <: несоответствие типов со знаком и без знака
  Создание кода...
  MyGame.vcxproj -> C:\SDLgame\IsometricGame_GameInsight2018\Debug\MyGame.exe
